Started GET "/" for 127.0.0.1 at 2017-03-23 14:28:36 +0100
Processing by Rails::WelcomeController#index as HTML
  Parameters: {"internal"=>true}
  Rendering /var/lib/gems/2.3.0/gems/railties-5.0.2/lib/rails/templates/rails/welcome/index.html.erb
  Rendered /var/lib/gems/2.3.0/gems/railties-5.0.2/lib/rails/templates/rails/welcome/index.html.erb (4.0ms)
Completed 200 OK in 16ms (Views: 7.4ms | ActiveRecord: 0.0ms)


Started GET "/home/index" for 127.0.0.1 at 2017-03-23 14:30:18 +0100
  
ActionController::RoutingError (No route matches [GET] "/home/index"):
  
actionpack (5.0.2) lib/action_dispatch/middleware/debug_exceptions.rb:53:in `call'
web-console (3.4.0) lib/web_console/middleware.rb:135:in `call_app'
web-console (3.4.0) lib/web_console/middleware.rb:28:in `block in call'
web-console (3.4.0) lib/web_console/middleware.rb:18:in `catch'
web-console (3.4.0) lib/web_console/middleware.rb:18:in `call'
actionpack (5.0.2) lib/action_dispatch/middleware/show_exceptions.rb:31:in `call'
railties (5.0.2) lib/rails/rack/logger.rb:36:in `call_app'
railties (5.0.2) lib/rails/rack/logger.rb:24:in `block in call'
activesupport (5.0.2) lib/active_support/tagged_logging.rb:69:in `block in tagged'
activesupport (5.0.2) lib/active_support/tagged_logging.rb:26:in `tagged'
activesupport (5.0.2) lib/active_support/tagged_logging.rb:69:in `tagged'
railties (5.0.2) lib/rails/rack/logger.rb:24:in `call'
sprockets-rails (3.2.0) lib/sprockets/rails/quiet_assets.rb:13:in `call'
actionpack (5.0.2) lib/action_dispatch/middleware/request_id.rb:24:in `call'
rack (2.0.1) lib/rack/method_override.rb:22:in `call'
rack (2.0.1) lib/rack/runtime.rb:22:in `call'
activesupport (5.0.2) lib/active_support/cache/strategy/local_cache_middleware.rb:28:in `call'
actionpack (5.0.2) lib/action_dispatch/middleware/executor.rb:12:in `call'
actionpack (5.0.2) lib/action_dispatch/middleware/static.rb:136:in `call'
rack (2.0.1) lib/rack/sendfile.rb:111:in `call'
railties (5.0.2) lib/rails/engine.rb:522:in `call'
puma (3.8.2) lib/puma/configuration.rb:224:in `call'
puma (3.8.2) lib/puma/server.rb:600:in `handle_request'
puma (3.8.2) lib/puma/server.rb:435:in `process_client'
puma (3.8.2) lib/puma/server.rb:299:in `block in run'
puma (3.8.2) lib/puma/thread_pool.rb:120:in `block in spawn_thread'
  Rendering /var/lib/gems/2.3.0/gems/actionpack-5.0.2/lib/action_dispatch/middleware/templates/rescues/routing_error.html.erb within rescues/layout
  Rendering /var/lib/gems/2.3.0/gems/actionpack-5.0.2/lib/action_dispatch/middleware/templates/rescues/_trace.html.erb
  Rendered /var/lib/gems/2.3.0/gems/actionpack-5.0.2/lib/action_dispatch/middleware/templates/rescues/_trace.html.erb (1.6ms)
  Rendered /var/lib/gems/2.3.0/gems/actionpack-5.0.2/lib/action_dispatch/middleware/templates/routes/_table.html.erb (16.8ms)
  Rendering /var/lib/gems/2.3.0/gems/actionpack-5.0.2/lib/action_dispatch/middleware/templates/rescues/_request_and_response.html.erb
  Rendered /var/lib/gems/2.3.0/gems/actionpack-5.0.2/lib/action_dispatch/middleware/templates/rescues/_request_and_response.html.erb (8.7ms)
  Rendered /var/lib/gems/2.3.0/gems/actionpack-5.0.2/lib/action_dispatch/middleware/templates/rescues/routing_error.html.erb within rescues/layout (46.2ms)
Started GET "/home/" for 127.0.0.1 at 2017-03-23 14:30:21 +0100
  
ActionController::RoutingError (No route matches [GET] "/home"):
  
actionpack (5.0.2) lib/action_dispatch/middleware/debug_exceptions.rb:53:in `call'
web-console (3.4.0) lib/web_console/middleware.rb:135:in `call_app'
web-console (3.4.0) lib/web_console/middleware.rb:28:in `block in call'
web-console (3.4.0) lib/web_console/middleware.rb:18:in `catch'
web-console (3.4.0) lib/web_console/middleware.rb:18:in `call'
actionpack (5.0.2) lib/action_dispatch/middleware/show_exceptions.rb:31:in `call'
railties (5.0.2) lib/rails/rack/logger.rb:36:in `call_app'
railties (5.0.2) lib/rails/rack/logger.rb:24:in `block in call'
activesupport (5.0.2) lib/active_support/tagged_logging.rb:69:in `block in tagged'
activesupport (5.0.2) lib/active_support/tagged_logging.rb:26:in `tagged'
activesupport (5.0.2) lib/active_support/tagged_logging.rb:69:in `tagged'
railties (5.0.2) lib/rails/rack/logger.rb:24:in `call'
sprockets-rails (3.2.0) lib/sprockets/rails/quiet_assets.rb:13:in `call'
actionpack (5.0.2) lib/action_dispatch/middleware/request_id.rb:24:in `call'
rack (2.0.1) lib/rack/method_override.rb:22:in `call'
rack (2.0.1) lib/rack/runtime.rb:22:in `call'
activesupport (5.0.2) lib/active_support/cache/strategy/local_cache_middleware.rb:28:in `call'
actionpack (5.0.2) lib/action_dispatch/middleware/executor.rb:12:in `call'
actionpack (5.0.2) lib/action_dispatch/middleware/static.rb:136:in `call'
rack (2.0.1) lib/rack/sendfile.rb:111:in `call'
railties (5.0.2) lib/rails/engine.rb:522:in `call'
puma (3.8.2) lib/puma/configuration.rb:224:in `call'
puma (3.8.2) lib/puma/server.rb:600:in `handle_request'
puma (3.8.2) lib/puma/server.rb:435:in `process_client'
puma (3.8.2) lib/puma/server.rb:299:in `block in run'
puma (3.8.2) lib/puma/thread_pool.rb:120:in `block in spawn_thread'
  Rendering /var/lib/gems/2.3.0/gems/actionpack-5.0.2/lib/action_dispatch/middleware/templates/rescues/routing_error.html.erb within rescues/layout
  Rendering /var/lib/gems/2.3.0/gems/actionpack-5.0.2/lib/action_dispatch/middleware/templates/rescues/_trace.html.erb
  Rendered /var/lib/gems/2.3.0/gems/actionpack-5.0.2/lib/action_dispatch/middleware/templates/rescues/_trace.html.erb (1.8ms)
  Rendered /var/lib/gems/2.3.0/gems/actionpack-5.0.2/lib/action_dispatch/middleware/templates/routes/_table.html.erb (1.6ms)
  Rendering /var/lib/gems/2.3.0/gems/actionpack-5.0.2/lib/action_dispatch/middleware/templates/rescues/_request_and_response.html.erb
  Rendered /var/lib/gems/2.3.0/gems/actionpack-5.0.2/lib/action_dispatch/middleware/templates/rescues/_request_and_response.html.erb (1.1ms)
  Rendered /var/lib/gems/2.3.0/gems/actionpack-5.0.2/lib/action_dispatch/middleware/templates/rescues/routing_error.html.erb within rescues/layout (24.1ms)
Started GET "/home" for 127.0.0.1 at 2017-03-23 14:30:25 +0100
  
ActionController::RoutingError (No route matches [GET] "/home"):
  
actionpack (5.0.2) lib/action_dispatch/middleware/debug_exceptions.rb:53:in `call'
web-console (3.4.0) lib/web_console/middleware.rb:135:in `call_app'
web-console (3.4.0) lib/web_console/middleware.rb:28:in `block in call'
web-console (3.4.0) lib/web_console/middleware.rb:18:in `catch'
web-console (3.4.0) lib/web_console/middleware.rb:18:in `call'
actionpack (5.0.2) lib/action_dispatch/middleware/show_exceptions.rb:31:in `call'
railties (5.0.2) lib/rails/rack/logger.rb:36:in `call_app'
railties (5.0.2) lib/rails/rack/logger.rb:24:in `block in call'
activesupport (5.0.2) lib/active_support/tagged_logging.rb:69:in `block in tagged'
activesupport (5.0.2) lib/active_support/tagged_logging.rb:26:in `tagged'
activesupport (5.0.2) lib/active_support/tagged_logging.rb:69:in `tagged'
railties (5.0.2) lib/rails/rack/logger.rb:24:in `call'
sprockets-rails (3.2.0) lib/sprockets/rails/quiet_assets.rb:13:in `call'
actionpack (5.0.2) lib/action_dispatch/middleware/request_id.rb:24:in `call'
rack (2.0.1) lib/rack/method_override.rb:22:in `call'
rack (2.0.1) lib/rack/runtime.rb:22:in `call'
activesupport (5.0.2) lib/active_support/cache/strategy/local_cache_middleware.rb:28:in `call'
actionpack (5.0.2) lib/action_dispatch/middleware/executor.rb:12:in `call'
actionpack (5.0.2) lib/action_dispatch/middleware/static.rb:136:in `call'
rack (2.0.1) lib/rack/sendfile.rb:111:in `call'
railties (5.0.2) lib/rails/engine.rb:522:in `call'
puma (3.8.2) lib/puma/configuration.rb:224:in `call'
puma (3.8.2) lib/puma/server.rb:600:in `handle_request'
puma (3.8.2) lib/puma/server.rb:435:in `process_client'
puma (3.8.2) lib/puma/server.rb:299:in `block in run'
puma (3.8.2) lib/puma/thread_pool.rb:120:in `block in spawn_thread'
  Rendering /var/lib/gems/2.3.0/gems/actionpack-5.0.2/lib/action_dispatch/middleware/templates/rescues/routing_error.html.erb within rescues/layout
  Rendering /var/lib/gems/2.3.0/gems/actionpack-5.0.2/lib/action_dispatch/middleware/templates/rescues/_trace.html.erb
  Rendered /var/lib/gems/2.3.0/gems/actionpack-5.0.2/lib/action_dispatch/middleware/templates/rescues/_trace.html.erb (1.6ms)
  Rendered /var/lib/gems/2.3.0/gems/actionpack-5.0.2/lib/action_dispatch/middleware/templates/routes/_table.html.erb (1.5ms)
  Rendering /var/lib/gems/2.3.0/gems/actionpack-5.0.2/lib/action_dispatch/middleware/templates/rescues/_request_and_response.html.erb
  Rendered /var/lib/gems/2.3.0/gems/actionpack-5.0.2/lib/action_dispatch/middleware/templates/rescues/_request_and_response.html.erb (1.0ms)
  Rendered /var/lib/gems/2.3.0/gems/actionpack-5.0.2/lib/action_dispatch/middleware/templates/rescues/routing_error.html.erb within rescues/layout (22.4ms)
Started GET "/" for 127.0.0.1 at 2017-03-23 14:30:31 +0100
Processing by Rails::WelcomeController#index as HTML
  Parameters: {"internal"=>true}
  Rendering /var/lib/gems/2.3.0/gems/railties-5.0.2/lib/rails/templates/rails/welcome/index.html.erb
  Rendered /var/lib/gems/2.3.0/gems/railties-5.0.2/lib/rails/templates/rails/welcome/index.html.erb (4.7ms)
Completed 200 OK in 8ms (Views: 6.4ms | ActiveRecord: 0.0ms)


Started GET "/" for 127.0.0.1 at 2017-03-23 14:31:22 +0100
Processing by Rails::WelcomeController#index as HTML
  Parameters: {"internal"=>true}
  Rendering /var/lib/gems/2.3.0/gems/railties-5.0.2/lib/rails/templates/rails/welcome/index.html.erb
  Rendered /var/lib/gems/2.3.0/gems/railties-5.0.2/lib/rails/templates/rails/welcome/index.html.erb (3.5ms)
Completed 200 OK in 15ms (Views: 6.9ms | ActiveRecord: 0.0ms)


Started GET "/home" for 127.0.0.1 at 2017-03-23 14:31:27 +0100
  
ActionController::RoutingError (No route matches [GET] "/home"):
  
actionpack (5.0.2) lib/action_dispatch/middleware/debug_exceptions.rb:53:in `call'
web-console (3.4.0) lib/web_console/middleware.rb:135:in `call_app'
web-console (3.4.0) lib/web_console/middleware.rb:28:in `block in call'
web-console (3.4.0) lib/web_console/middleware.rb:18:in `catch'
web-console (3.4.0) lib/web_console/middleware.rb:18:in `call'
actionpack (5.0.2) lib/action_dispatch/middleware/show_exceptions.rb:31:in `call'
railties (5.0.2) lib/rails/rack/logger.rb:36:in `call_app'
railties (5.0.2) lib/rails/rack/logger.rb:24:in `block in call'
activesupport (5.0.2) lib/active_support/tagged_logging.rb:69:in `block in tagged'
activesupport (5.0.2) lib/active_support/tagged_logging.rb:26:in `tagged'
activesupport (5.0.2) lib/active_support/tagged_logging.rb:69:in `tagged'
railties (5.0.2) lib/rails/rack/logger.rb:24:in `call'
sprockets-rails (3.2.0) lib/sprockets/rails/quiet_assets.rb:13:in `call'
actionpack (5.0.2) lib/action_dispatch/middleware/request_id.rb:24:in `call'
rack (2.0.1) lib/rack/method_override.rb:22:in `call'
rack (2.0.1) lib/rack/runtime.rb:22:in `call'
activesupport (5.0.2) lib/active_support/cache/strategy/local_cache_middleware.rb:28:in `call'
actionpack (5.0.2) lib/action_dispatch/middleware/executor.rb:12:in `call'
actionpack (5.0.2) lib/action_dispatch/middleware/static.rb:136:in `call'
rack (2.0.1) lib/rack/sendfile.rb:111:in `call'
railties (5.0.2) lib/rails/engine.rb:522:in `call'
puma (3.8.2) lib/puma/configuration.rb:224:in `call'
puma (3.8.2) lib/puma/server.rb:600:in `handle_request'
puma (3.8.2) lib/puma/server.rb:435:in `process_client'
puma (3.8.2) lib/puma/server.rb:299:in `block in run'
puma (3.8.2) lib/puma/thread_pool.rb:120:in `block in spawn_thread'
  Rendering /var/lib/gems/2.3.0/gems/actionpack-5.0.2/lib/action_dispatch/middleware/templates/rescues/routing_error.html.erb within rescues/layout
  Rendering /var/lib/gems/2.3.0/gems/actionpack-5.0.2/lib/action_dispatch/middleware/templates/rescues/_trace.html.erb
  Rendered /var/lib/gems/2.3.0/gems/actionpack-5.0.2/lib/action_dispatch/middleware/templates/rescues/_trace.html.erb (1.5ms)
  Rendered collection of /var/lib/gems/2.3.0/gems/actionpack-5.0.2/lib/action_dispatch/middleware/templates/routes/_route.html.erb [1 times] (1.1ms)
  Rendered /var/lib/gems/2.3.0/gems/actionpack-5.0.2/lib/action_dispatch/middleware/templates/routes/_table.html.erb (4.8ms)
  Rendering /var/lib/gems/2.3.0/gems/actionpack-5.0.2/lib/action_dispatch/middleware/templates/rescues/_request_and_response.html.erb
  Rendered /var/lib/gems/2.3.0/gems/actionpack-5.0.2/lib/action_dispatch/middleware/templates/rescues/_request_and_response.html.erb (0.9ms)
  Rendered /var/lib/gems/2.3.0/gems/actionpack-5.0.2/lib/action_dispatch/middleware/templates/rescues/routing_error.html.erb within rescues/layout (26.6ms)
Started GET "/home/index" for 127.0.0.1 at 2017-03-23 14:31:32 +0100
Processing by HomeController#index as HTML
  Rendering home/index.html.erb within layouts/application
  Rendered home/index.html.erb within layouts/application (0.7ms)
Completed 200 OK in 652ms (Views: 650.1ms | ActiveRecord: 0.0ms)


Started GET "/home/index" for 127.0.0.1 at 2017-03-23 14:33:09 +0100
  
ActionController::RoutingError (No route matches [GET] "/home/index"):
  
actionpack (5.0.2) lib/action_dispatch/middleware/debug_exceptions.rb:53:in `call'
web-console (3.4.0) lib/web_console/middleware.rb:135:in `call_app'
web-console (3.4.0) lib/web_console/middleware.rb:28:in `block in call'
web-console (3.4.0) lib/web_console/middleware.rb:18:in `catch'
web-console (3.4.0) lib/web_console/middleware.rb:18:in `call'
actionpack (5.0.2) lib/action_dispatch/middleware/show_exceptions.rb:31:in `call'
railties (5.0.2) lib/rails/rack/logger.rb:36:in `call_app'
railties (5.0.2) lib/rails/rack/logger.rb:24:in `block in call'
activesupport (5.0.2) lib/active_support/tagged_logging.rb:69:in `block in tagged'
activesupport (5.0.2) lib/active_support/tagged_logging.rb:26:in `tagged'
activesupport (5.0.2) lib/active_support/tagged_logging.rb:69:in `tagged'
railties (5.0.2) lib/rails/rack/logger.rb:24:in `call'
sprockets-rails (3.2.0) lib/sprockets/rails/quiet_assets.rb:13:in `call'
actionpack (5.0.2) lib/action_dispatch/middleware/request_id.rb:24:in `call'
rack (2.0.1) lib/rack/method_override.rb:22:in `call'
rack (2.0.1) lib/rack/runtime.rb:22:in `call'
activesupport (5.0.2) lib/active_support/cache/strategy/local_cache_middleware.rb:28:in `call'
actionpack (5.0.2) lib/action_dispatch/middleware/executor.rb:12:in `call'
actionpack (5.0.2) lib/action_dispatch/middleware/static.rb:136:in `call'
rack (2.0.1) lib/rack/sendfile.rb:111:in `call'
railties (5.0.2) lib/rails/engine.rb:522:in `call'
puma (3.8.2) lib/puma/configuration.rb:224:in `call'
puma (3.8.2) lib/puma/server.rb:600:in `handle_request'
puma (3.8.2) lib/puma/server.rb:435:in `process_client'
puma (3.8.2) lib/puma/server.rb:299:in `block in run'
puma (3.8.2) lib/puma/thread_pool.rb:120:in `block in spawn_thread'
  Rendering /var/lib/gems/2.3.0/gems/actionpack-5.0.2/lib/action_dispatch/middleware/templates/rescues/routing_error.html.erb within rescues/layout
  Rendering /var/lib/gems/2.3.0/gems/actionpack-5.0.2/lib/action_dispatch/middleware/templates/rescues/_trace.html.erb
  Rendered /var/lib/gems/2.3.0/gems/actionpack-5.0.2/lib/action_dispatch/middleware/templates/rescues/_trace.html.erb (1.6ms)
  Rendered collection of /var/lib/gems/2.3.0/gems/actionpack-5.0.2/lib/action_dispatch/middleware/templates/routes/_route.html.erb [1 times] (1.4ms)
  Rendered /var/lib/gems/2.3.0/gems/actionpack-5.0.2/lib/action_dispatch/middleware/templates/routes/_table.html.erb (1.5ms)
  Rendering /var/lib/gems/2.3.0/gems/actionpack-5.0.2/lib/action_dispatch/middleware/templates/rescues/_request_and_response.html.erb
  Rendered /var/lib/gems/2.3.0/gems/actionpack-5.0.2/lib/action_dispatch/middleware/templates/rescues/_request_and_response.html.erb (1.9ms)
  Rendered /var/lib/gems/2.3.0/gems/actionpack-5.0.2/lib/action_dispatch/middleware/templates/rescues/routing_error.html.erb within rescues/layout (26.7ms)
Started GET "/" for 127.0.0.1 at 2017-03-23 14:33:13 +0100
Processing by HomeController#index as HTML
  Rendering home/index.html.erb within layouts/application
  Rendered home/index.html.erb within layouts/application (0.5ms)
Completed 200 OK in 49ms (Views: 47.0ms | ActiveRecord: 0.0ms)


Started GET "/home" for 127.0.0.1 at 2017-03-23 14:33:19 +0100
  
ActionController::RoutingError (No route matches [GET] "/home"):
  
actionpack (5.0.2) lib/action_dispatch/middleware/debug_exceptions.rb:53:in `call'
web-console (3.4.0) lib/web_console/middleware.rb:135:in `call_app'
web-console (3.4.0) lib/web_console/middleware.rb:28:in `block in call'
web-console (3.4.0) lib/web_console/middleware.rb:18:in `catch'
web-console (3.4.0) lib/web_console/middleware.rb:18:in `call'
actionpack (5.0.2) lib/action_dispatch/middleware/show_exceptions.rb:31:in `call'
railties (5.0.2) lib/rails/rack/logger.rb:36:in `call_app'
railties (5.0.2) lib/rails/rack/logger.rb:24:in `block in call'
activesupport (5.0.2) lib/active_support/tagged_logging.rb:69:in `block in tagged'
activesupport (5.0.2) lib/active_support/tagged_logging.rb:26:in `tagged'
activesupport (5.0.2) lib/active_support/tagged_logging.rb:69:in `tagged'
railties (5.0.2) lib/rails/rack/logger.rb:24:in `call'
sprockets-rails (3.2.0) lib/sprockets/rails/quiet_assets.rb:13:in `call'
actionpack (5.0.2) lib/action_dispatch/middleware/request_id.rb:24:in `call'
rack (2.0.1) lib/rack/method_override.rb:22:in `call'
rack (2.0.1) lib/rack/runtime.rb:22:in `call'
activesupport (5.0.2) lib/active_support/cache/strategy/local_cache_middleware.rb:28:in `call'
actionpack (5.0.2) lib/action_dispatch/middleware/executor.rb:12:in `call'
actionpack (5.0.2) lib/action_dispatch/middleware/static.rb:136:in `call'
rack (2.0.1) lib/rack/sendfile.rb:111:in `call'
railties (5.0.2) lib/rails/engine.rb:522:in `call'
puma (3.8.2) lib/puma/configuration.rb:224:in `call'
puma (3.8.2) lib/puma/server.rb:600:in `handle_request'
puma (3.8.2) lib/puma/server.rb:435:in `process_client'
puma (3.8.2) lib/puma/server.rb:299:in `block in run'
puma (3.8.2) lib/puma/thread_pool.rb:120:in `block in spawn_thread'
  Rendering /var/lib/gems/2.3.0/gems/actionpack-5.0.2/lib/action_dispatch/middleware/templates/rescues/routing_error.html.erb within rescues/layout
  Rendering /var/lib/gems/2.3.0/gems/actionpack-5.0.2/lib/action_dispatch/middleware/templates/rescues/_trace.html.erb
  Rendered /var/lib/gems/2.3.0/gems/actionpack-5.0.2/lib/action_dispatch/middleware/templates/rescues/_trace.html.erb (3.1ms)
  Rendered collection of /var/lib/gems/2.3.0/gems/actionpack-5.0.2/lib/action_dispatch/middleware/templates/routes/_route.html.erb [1 times] (2.3ms)
  Rendered /var/lib/gems/2.3.0/gems/actionpack-5.0.2/lib/action_dispatch/middleware/templates/routes/_table.html.erb (2.9ms)
  Rendering /var/lib/gems/2.3.0/gems/actionpack-5.0.2/lib/action_dispatch/middleware/templates/rescues/_request_and_response.html.erb
  Rendered /var/lib/gems/2.3.0/gems/actionpack-5.0.2/lib/action_dispatch/middleware/templates/rescues/_request_and_response.html.erb (2.6ms)
  Rendered /var/lib/gems/2.3.0/gems/actionpack-5.0.2/lib/action_dispatch/middleware/templates/rescues/routing_error.html.erb within rescues/layout (34.9ms)
Started GET "/" for 127.0.0.1 at 2017-03-23 14:45:00 +0100
Processing by HomeController#index as HTML
  Rendering home/index.html.erb within layouts/application
  Rendered home/index.html.erb within layouts/application (0.5ms)
Completed 200 OK in 33ms (Views: 31.5ms | ActiveRecord: 0.0ms)


Started GET "/home/about" for 127.0.0.1 at 2017-03-23 14:45:08 +0100
Processing by HomeController#about as HTML
  Rendering home/about.html.erb within layouts/application
  Rendered home/about.html.erb within layouts/application (0.4ms)
Completed 200 OK in 23ms (Views: 21.5ms | ActiveRecord: 0.0ms)


Started GET "/home/community" for 127.0.0.1 at 2017-03-23 14:45:16 +0100
Processing by HomeController#community as HTML
  Rendering home/community.html.erb within layouts/application
  Rendered home/community.html.erb within layouts/application (1.1ms)
Completed 200 OK in 43ms (Views: 40.9ms | ActiveRecord: 0.0ms)


Started GET "/home/community" for 127.0.0.1 at 2017-03-23 14:52:20 +0100
Processing by HomeController#community as HTML
  Rendering home/community.html.erb within layouts/application
  Rendered home/community.html.erb within layouts/application (0.8ms)
Completed 200 OK in 32ms (Views: 30.6ms | ActiveRecord: 0.0ms)


Started GET "/home" for 127.0.0.1 at 2017-03-23 14:52:24 +0100
  
ActionController::RoutingError (No route matches [GET] "/home"):
  
actionpack (5.0.2) lib/action_dispatch/middleware/debug_exceptions.rb:53:in `call'
web-console (3.4.0) lib/web_console/middleware.rb:135:in `call_app'
web-console (3.4.0) lib/web_console/middleware.rb:28:in `block in call'
web-console (3.4.0) lib/web_console/middleware.rb:18:in `catch'
web-console (3.4.0) lib/web_console/middleware.rb:18:in `call'
actionpack (5.0.2) lib/action_dispatch/middleware/show_exceptions.rb:31:in `call'
railties (5.0.2) lib/rails/rack/logger.rb:36:in `call_app'
railties (5.0.2) lib/rails/rack/logger.rb:24:in `block in call'
activesupport (5.0.2) lib/active_support/tagged_logging.rb:69:in `block in tagged'
activesupport (5.0.2) lib/active_support/tagged_logging.rb:26:in `tagged'
activesupport (5.0.2) lib/active_support/tagged_logging.rb:69:in `tagged'
railties (5.0.2) lib/rails/rack/logger.rb:24:in `call'
sprockets-rails (3.2.0) lib/sprockets/rails/quiet_assets.rb:13:in `call'
actionpack (5.0.2) lib/action_dispatch/middleware/request_id.rb:24:in `call'
rack (2.0.1) lib/rack/method_override.rb:22:in `call'
rack (2.0.1) lib/rack/runtime.rb:22:in `call'
activesupport (5.0.2) lib/active_support/cache/strategy/local_cache_middleware.rb:28:in `call'
actionpack (5.0.2) lib/action_dispatch/middleware/executor.rb:12:in `call'
actionpack (5.0.2) lib/action_dispatch/middleware/static.rb:136:in `call'
rack (2.0.1) lib/rack/sendfile.rb:111:in `call'
railties (5.0.2) lib/rails/engine.rb:522:in `call'
puma (3.8.2) lib/puma/configuration.rb:224:in `call'
puma (3.8.2) lib/puma/server.rb:600:in `handle_request'
puma (3.8.2) lib/puma/server.rb:435:in `process_client'
puma (3.8.2) lib/puma/server.rb:299:in `block in run'
puma (3.8.2) lib/puma/thread_pool.rb:120:in `block in spawn_thread'
  Rendering /var/lib/gems/2.3.0/gems/actionpack-5.0.2/lib/action_dispatch/middleware/templates/rescues/routing_error.html.erb within rescues/layout
  Rendering /var/lib/gems/2.3.0/gems/actionpack-5.0.2/lib/action_dispatch/middleware/templates/rescues/_trace.html.erb
  Rendered /var/lib/gems/2.3.0/gems/actionpack-5.0.2/lib/action_dispatch/middleware/templates/rescues/_trace.html.erb (1.6ms)
  Rendered collection of /var/lib/gems/2.3.0/gems/actionpack-5.0.2/lib/action_dispatch/middleware/templates/routes/_route.html.erb [6 times] (2.9ms)
  Rendered /var/lib/gems/2.3.0/gems/actionpack-5.0.2/lib/action_dispatch/middleware/templates/routes/_table.html.erb (1.5ms)
  Rendering /var/lib/gems/2.3.0/gems/actionpack-5.0.2/lib/action_dispatch/middleware/templates/rescues/_request_and_response.html.erb
  Rendered /var/lib/gems/2.3.0/gems/actionpack-5.0.2/lib/action_dispatch/middleware/templates/rescues/_request_and_response.html.erb (1.3ms)
  Rendered /var/lib/gems/2.3.0/gems/actionpack-5.0.2/lib/action_dispatch/middleware/templates/rescues/routing_error.html.erb within rescues/layout (31.6ms)
Started GET "/" for 127.0.0.1 at 2017-03-23 14:52:27 +0100
Processing by HomeController#index as HTML
  Rendering home/index.html.erb within layouts/application
  Rendered home/index.html.erb within layouts/application (209.6ms)
Completed 500 Internal Server Error in 216ms (ActiveRecord: 0.0ms)


  
ActionView::Template::Error (undefined local variable or method `root' for #<#<Class:0x007fb06e56ff60>:0x007fb06835a640>):
    1: <h1>Home#index</h1>
    2: <p>Find me in app/views/home/index.html.erb</p>
    3: <%= link_to 'Home Page' , root %>
    4: <%= link_to 'About' , home_about %>
    5:  
  
app/views/home/index.html.erb:3:in `_app_views_home_index_html_erb___1725891591726545364_70197819660440'
  Rendering /var/lib/gems/2.3.0/gems/actionpack-5.0.2/lib/action_dispatch/middleware/templates/rescues/template_error.html.erb within rescues/layout
  Rendering /var/lib/gems/2.3.0/gems/actionpack-5.0.2/lib/action_dispatch/middleware/templates/rescues/_source.html.erb
  Rendered /var/lib/gems/2.3.0/gems/actionpack-5.0.2/lib/action_dispatch/middleware/templates/rescues/_source.html.erb (3.7ms)
  Rendering /var/lib/gems/2.3.0/gems/actionpack-5.0.2/lib/action_dispatch/middleware/templates/rescues/_trace.html.erb
  Rendered /var/lib/gems/2.3.0/gems/actionpack-5.0.2/lib/action_dispatch/middleware/templates/rescues/_trace.html.erb (1.7ms)
  Rendering /var/lib/gems/2.3.0/gems/actionpack-5.0.2/lib/action_dispatch/middleware/templates/rescues/_request_and_response.html.erb
  Rendered /var/lib/gems/2.3.0/gems/actionpack-5.0.2/lib/action_dispatch/middleware/templates/rescues/_request_and_response.html.erb (0.6ms)
  Rendered /var/lib/gems/2.3.0/gems/actionpack-5.0.2/lib/action_dispatch/middleware/templates/rescues/template_error.html.erb within rescues/layout (18.5ms)
Started GET "/" for 127.0.0.1 at 2017-03-23 14:53:02 +0100
Processing by HomeController#index as HTML
  Rendering home/index.html.erb within layouts/application
  Rendered home/index.html.erb within layouts/application (1.1ms)
Completed 200 OK in 34ms (Views: 30.0ms | ActiveRecord: 0.0ms)


Started GET "/home/about" for 127.0.0.1 at 2017-03-23 14:53:05 +0100
Processing by HomeController#about as HTML
  Rendering home/about.html.erb within layouts/application
  Rendered home/about.html.erb within layouts/application (0.6ms)
Completed 200 OK in 34ms (Views: 32.0ms | ActiveRecord: 0.0ms)


Started GET "/" for 127.0.0.1 at 2017-03-23 14:54:17 +0100
Processing by HomeController#index as HTML
  Rendering home/index.html.erb within layouts/application
  Rendered home/index.html.erb within layouts/application (1.3ms)
Completed 200 OK in 30ms (Views: 26.9ms | ActiveRecord: 0.0ms)


Started GET "/home/jobs" for 127.0.0.1 at 2017-03-23 14:54:26 +0100
Processing by HomeController#jobs as HTML
  Rendering home/jobs.html.erb within layouts/application
  Rendered home/jobs.html.erb within layouts/application (0.5ms)
Completed 200 OK in 34ms (Views: 32.1ms | ActiveRecord: 0.0ms)


Started GET "/" for 127.0.0.1 at 2017-03-23 14:54:45 +0100
Processing by HomeController#index as HTML
  Rendering home/index.html.erb within layouts/application
  Rendered home/index.html.erb within layouts/application (1.4ms)
Completed 200 OK in 42ms (Views: 40.2ms | ActiveRecord: 0.0ms)


Started GET "/home/contact" for 127.0.0.1 at 2017-03-23 14:54:54 +0100
Processing by HomeController#contact as HTML
  Rendering home/contact.html.erb within layouts/application
  Rendered home/contact.html.erb within layouts/application (0.7ms)
Completed 200 OK in 33ms (Views: 29.9ms | ActiveRecord: 0.0ms)


Started GET "/home/contact" for 127.0.0.1 at 2017-03-23 14:57:30 +0100
Processing by HomeController#contact as HTML
  Rendering home/contact.html.erb within layouts/application
  Rendered home/contact.html.erb within layouts/application (0.7ms)
Completed 200 OK in 36ms (Views: 34.2ms | ActiveRecord: 0.0ms)


Started GET "/" for 127.0.0.1 at 2017-03-23 14:57:32 +0100
Processing by HomeController#index as HTML
  Rendering home/index.html.erb within layouts/application
  Rendered home/_header.html.erb (1.3ms)
  Rendered home/index.html.erb within layouts/application (2.9ms)
Completed 200 OK in 24ms (Views: 22.9ms | ActiveRecord: 0.0ms)


Started GET "/" for 127.0.0.1 at 2017-03-23 14:58:24 +0100
Processing by HomeController#index as HTML
  Rendering home/index.html.erb within layouts/application
  Rendered home/index.html.erb within layouts/application (0.5ms)
  Rendered home/_header.html.erb (1.0ms)
Completed 200 OK in 33ms (Views: 31.7ms | ActiveRecord: 0.0ms)


Started GET "/home/jobs" for 127.0.0.1 at 2017-03-23 14:58:26 +0100
Processing by HomeController#jobs as HTML
  Rendering home/jobs.html.erb within layouts/application
  Rendered home/jobs.html.erb within layouts/application (0.5ms)
  Rendered home/_header.html.erb (0.9ms)
Completed 200 OK in 31ms (Views: 29.9ms | ActiveRecord: 0.0ms)


Started GET "/home/community" for 127.0.0.1 at 2017-03-23 14:58:26 +0100
Processing by HomeController#community as HTML
  Rendering home/community.html.erb within layouts/application
  Rendered home/community.html.erb within layouts/application (0.8ms)
  Rendered home/_header.html.erb (1.6ms)
Completed 200 OK in 41ms (Views: 38.9ms | ActiveRecord: 0.0ms)


Started GET "/home/contact" for 127.0.0.1 at 2017-03-23 14:58:28 +0100
Processing by HomeController#contact as HTML
  Rendering home/contact.html.erb within layouts/application
  Rendered home/contact.html.erb within layouts/application (0.7ms)
  Rendered home/_header.html.erb (1.0ms)
Completed 200 OK in 32ms (Views: 30.4ms | ActiveRecord: 0.0ms)


Started GET "/home/community" for 127.0.0.1 at 2017-03-23 14:59:34 +0100
Processing by HomeController#community as HTML
  Rendering home/community.html.erb within layouts/application
  Rendered home/community.html.erb within layouts/application (0.8ms)
  Rendered home/_header.html.erb (1.4ms)
Completed 200 OK in 41ms (Views: 39.6ms | ActiveRecord: 0.0ms)


Started GET "/home/jobs" for 127.0.0.1 at 2017-03-23 14:59:35 +0100
Processing by HomeController#jobs as HTML
  Rendering home/jobs.html.erb within layouts/application
  Rendered home/jobs.html.erb within layouts/application (0.6ms)
  Rendered home/_header.html.erb (1.4ms)
Completed 200 OK in 48ms (Views: 45.2ms | ActiveRecord: 0.0ms)


Started GET "/home/clients" for 127.0.0.1 at 2017-03-23 14:59:35 +0100
Processing by HomeController#clients as HTML
  Rendering home/clients.html.erb within layouts/application
  Rendered home/clients.html.erb within layouts/application (0.6ms)
  Rendered home/_header.html.erb (1.2ms)
Completed 200 OK in 36ms (Views: 34.1ms | ActiveRecord: 0.0ms)


Started GET "/" for 127.0.0.1 at 2017-03-23 14:59:36 +0100
Processing by HomeController#index as HTML
  Rendering home/index.html.erb within layouts/application
  Rendered home/index.html.erb within layouts/application (0.7ms)
  Rendered home/_header.html.erb (1.4ms)
Completed 200 OK in 46ms (Views: 44.2ms | ActiveRecord: 0.0ms)


Started GET "/" for 127.0.0.1 at 2017-03-23 15:21:09 +0100
Processing by HomeController#index as HTML
  Rendering home/index.html.erb within layouts/application
  Rendered home/index.html.erb within layouts/application (1.0ms)
Started GET "/home/community" for 127.0.0.1 at 2017-03-23 15:21:11 +0100
Processing by HomeController#community as HTML
  Rendering home/community.html.erb within layouts/application
  Rendered home/community.html.erb within layouts/application (0.5ms)
Started GET "/home/jobs" for 127.0.0.1 at 2017-03-23 15:21:12 +0100
Processing by HomeController#jobs as HTML
  Rendering home/jobs.html.erb within layouts/application
  Rendered home/jobs.html.erb within layouts/application (0.3ms)
  Rendered home/_header.html.erb (1.1ms)
Completed 200 OK in 5050ms (Views: 5049.1ms | ActiveRecord: 0.0ms)


  Rendered home/_header.html.erb (0.8ms)
Completed 200 OK in 7728ms (Views: 7720.2ms | ActiveRecord: 0.0ms)


  Rendered home/_header.html.erb (2.4ms)
Completed 200 OK in 5980ms (Views: 5978.8ms | ActiveRecord: 0.0ms)


Started GET "/" for 127.0.0.1 at 2017-03-23 15:21:20 +0100
Processing by HomeController#index as HTML
  Rendering home/index.html.erb within layouts/application
  Rendered home/index.html.erb within layouts/application (0.5ms)
  Rendered home/_header.html.erb (0.7ms)
Completed 200 OK in 91ms (Views: 89.4ms | ActiveRecord: 0.0ms)


Started GET "/home/jobs" for 127.0.0.1 at 2017-03-23 15:21:26 +0100
Processing by HomeController#jobs as HTML
  Rendering home/jobs.html.erb within layouts/application
  Rendered home/jobs.html.erb within layouts/application (0.3ms)
  Rendered home/_header.html.erb (0.9ms)
Completed 200 OK in 63ms (Views: 62.6ms | ActiveRecord: 0.0ms)


Started GET "/home/community" for 127.0.0.1 at 2017-03-23 15:21:27 +0100
Processing by HomeController#community as HTML
  Rendering home/community.html.erb within layouts/application
  Rendered home/community.html.erb within layouts/application (0.7ms)
  Rendered home/_header.html.erb (0.8ms)
Completed 200 OK in 70ms (Views: 67.7ms | ActiveRecord: 0.0ms)


Started GET "/home/contact" for 127.0.0.1 at 2017-03-23 15:21:28 +0100
Processing by HomeController#contact as HTML
  Rendering home/contact.html.erb within layouts/application
  Rendered home/contact.html.erb within layouts/application (0.7ms)
  Rendered home/_header.html.erb (0.8ms)
Completed 200 OK in 63ms (Views: 62.1ms | ActiveRecord: 0.0ms)


Started GET "/home/clients" for 127.0.0.1 at 2017-03-23 15:21:29 +0100
Processing by HomeController#clients as HTML
  Rendering home/clients.html.erb within layouts/application
  Rendered home/clients.html.erb within layouts/application (0.8ms)
  Rendered home/_header.html.erb (0.9ms)
Completed 200 OK in 84ms (Views: 81.5ms | ActiveRecord: 0.0ms)


Started GET "/home/about" for 127.0.0.1 at 2017-03-23 15:21:29 +0100
Processing by HomeController#about as HTML
  Rendering home/about.html.erb within layouts/application
  Rendered home/about.html.erb within layouts/application (0.6ms)
  Rendered home/_header.html.erb (1.3ms)
Completed 200 OK in 86ms (Views: 83.6ms | ActiveRecord: 0.0ms)


Started GET "/" for 127.0.0.1 at 2017-03-23 15:21:30 +0100
Processing by HomeController#index as HTML
  Rendering home/index.html.erb within layouts/application
  Rendered home/index.html.erb within layouts/application (0.9ms)
  Rendered home/_header.html.erb (0.9ms)
Completed 200 OK in 89ms (Views: 87.6ms | ActiveRecord: 0.0ms)


Started GET "/" for 127.0.0.1 at 2017-03-23 15:21:31 +0100
Processing by HomeController#index as HTML
  Rendering home/index.html.erb within layouts/application
  Rendered home/index.html.erb within layouts/application (0.7ms)
  Rendered home/_header.html.erb (0.8ms)
Completed 200 OK in 83ms (Views: 81.2ms | ActiveRecord: 0.0ms)


Started GET "/" for 127.0.0.1 at 2017-03-23 15:21:31 +0100
Processing by HomeController#index as HTML
  Rendering home/index.html.erb within layouts/application
  Rendered home/index.html.erb within layouts/application (0.8ms)
  Rendered home/_header.html.erb (0.8ms)
Completed 200 OK in 80ms (Views: 78.0ms | ActiveRecord: 0.0ms)


Started GET "/home/community" for 127.0.0.1 at 2017-03-23 15:21:36 +0100
Processing by HomeController#community as HTML
  Rendering home/community.html.erb within layouts/application
  Rendered home/community.html.erb within layouts/application (0.4ms)
  Rendered home/_header.html.erb (0.7ms)
Completed 200 OK in 70ms (Views: 68.7ms | ActiveRecord: 0.0ms)


Started GET "/home/community" for 127.0.0.1 at 2017-03-23 15:28:11 +0100
Processing by HomeController#community as HTML
  Rendering home/community.html.erb within layouts/application
  Rendered home/community.html.erb within layouts/application (0.5ms)
  Rendered home/_header.html.erb (0.9ms)
Completed 200 OK in 75ms (Views: 74.0ms | ActiveRecord: 0.0ms)


Started GET "/home/community" for 127.0.0.1 at 2017-03-23 15:30:53 +0100
Processing by HomeController#community as HTML
  Rendering home/community.html.erb within layouts/application
  Rendered home/community.html.erb within layouts/application (0.6ms)
  Rendered home/_header.html.erb (0.9ms)
Completed 200 OK in 64ms (Views: 61.9ms | ActiveRecord: 0.0ms)


Started GET "/home/jobs" for 127.0.0.1 at 2017-03-23 15:30:54 +0100
Processing by HomeController#jobs as HTML
  Rendering home/jobs.html.erb within layouts/application
  Rendered home/jobs.html.erb within layouts/application (0.5ms)
  Rendered home/_header.html.erb (0.9ms)
Completed 200 OK in 69ms (Views: 67.4ms | ActiveRecord: 0.0ms)


Started GET "/home/contact" for 127.0.0.1 at 2017-03-23 15:30:56 +0100
Processing by HomeController#contact as HTML
  Rendering home/contact.html.erb within layouts/application
  Rendered home/contact.html.erb within layouts/application (0.3ms)
  Rendered home/_header.html.erb (1.2ms)
Completed 200 OK in 61ms (Views: 59.9ms | ActiveRecord: 0.0ms)


Started GET "/home/contact" for 127.0.0.1 at 2017-03-23 15:31:40 +0100
Processing by HomeController#contact as HTML
  Rendering home/contact.html.erb within layouts/application
  Rendered home/contact.html.erb within layouts/application (0.5ms)
  Rendered home/_header.html.erb (0.8ms)
Completed 200 OK in 126ms (Views: 124.8ms | ActiveRecord: 0.0ms)


Started GET "/home/contact" for 127.0.0.1 at 2017-03-23 15:37:13 +0100
Processing by HomeController#contact as HTML
  Rendering home/contact.html.erb within layouts/application
  Rendered home/contact.html.erb within layouts/application (0.7ms)
  Rendered home/_header.html.erb (1.4ms)
Completed 200 OK in 84ms (Views: 81.9ms | ActiveRecord: 0.0ms)


Started GET "/home/contact" for 127.0.0.1 at 2017-03-23 15:37:59 +0100
Processing by HomeController#contact as HTML
  Rendering home/contact.html.erb within layouts/application
  Rendered home/contact.html.erb within layouts/application (0.4ms)
  Rendered home/_header.html.erb (0.9ms)
Completed 200 OK in 64ms (Views: 62.3ms | ActiveRecord: 0.0ms)


Started GET "/home/contact" for 127.0.0.1 at 2017-03-23 15:38:01 +0100
Processing by HomeController#contact as HTML
  Rendering home/contact.html.erb within layouts/application
  Rendered home/contact.html.erb within layouts/application (0.5ms)
  Rendered home/_header.html.erb (1.3ms)
Completed 200 OK in 63ms (Views: 61.8ms | ActiveRecord: 0.0ms)


Started GET "/home/contact" for 127.0.0.1 at 2017-03-23 15:38:02 +0100
Processing by HomeController#contact as HTML
  Rendering home/contact.html.erb within layouts/application
  Rendered home/contact.html.erb within layouts/application (0.5ms)
  Rendered home/_header.html.erb (1.0ms)
Completed 200 OK in 71ms (Views: 68.6ms | ActiveRecord: 0.0ms)


Started GET "/" for 127.0.0.1 at 2017-03-23 15:38:04 +0100
Processing by HomeController#index as HTML
  Rendering home/index.html.erb within layouts/application
  Rendered home/index.html.erb within layouts/application (0.4ms)
  Rendered home/_header.html.erb (0.7ms)
Completed 200 OK in 58ms (Views: 56.9ms | ActiveRecord: 0.0ms)


Started GET "/home/community" for 127.0.0.1 at 2017-03-23 15:38:05 +0100
Processing by HomeController#community as HTML
  Rendering home/community.html.erb within layouts/application
  Rendered home/community.html.erb within layouts/application (0.6ms)
  Rendered home/_header.html.erb (0.7ms)
Completed 200 OK in 66ms (Views: 64.2ms | ActiveRecord: 0.0ms)


Started GET "/home/community" for 127.0.0.1 at 2017-03-23 15:41:02 +0100
Processing by HomeController#community as HTML
  Rendering home/community.html.erb within layouts/application
  Rendered home/community.html.erb within layouts/application (0.6ms)
  Rendered home/_header.html.erb (1.1ms)
Completed 200 OK in 75ms (Views: 72.7ms | ActiveRecord: 0.0ms)


Started GET "/home/community" for 127.0.0.1 at 2017-03-23 15:41:20 +0100
Processing by HomeController#community as HTML
  Rendering home/community.html.erb within layouts/application
  Rendered home/community.html.erb within layouts/application (0.6ms)
  Rendered home/_header.html.erb (0.8ms)
Completed 200 OK in 55ms (Views: 53.6ms | ActiveRecord: 0.0ms)


Started GET "/home/community" for 127.0.0.1 at 2017-03-23 15:41:54 +0100
Processing by HomeController#community as HTML
  Rendering home/community.html.erb within layouts/application
  Rendered home/community.html.erb within layouts/application (0.5ms)
  Rendered home/_header.html.erb (1.0ms)
Completed 200 OK in 72ms (Views: 70.1ms | ActiveRecord: 0.0ms)


Started GET "/home/community" for 127.0.0.1 at 2017-03-23 15:43:41 +0100
Processing by HomeController#community as HTML
  Rendering home/community.html.erb within layouts/application
  Rendered home/community.html.erb within layouts/application (0.4ms)
  Rendered home/_header.html.erb (1.0ms)
Completed 200 OK in 63ms (Views: 61.2ms | ActiveRecord: 0.0ms)


Started GET "/home/community" for 127.0.0.1 at 2017-03-23 15:44:06 +0100
Processing by HomeController#community as HTML
  Rendering home/community.html.erb within layouts/application
  Rendered home/community.html.erb within layouts/application (0.4ms)
  Rendered home/_header.html.erb (1.0ms)
Completed 200 OK in 69ms (Views: 67.3ms | ActiveRecord: 0.0ms)


Started GET "/home/community" for 127.0.0.1 at 2017-03-23 15:44:31 +0100
Processing by HomeController#community as HTML
  Rendering home/community.html.erb within layouts/application
  Rendered home/community.html.erb within layouts/application (0.6ms)
  Rendered home/_header.html.erb (0.9ms)
Completed 200 OK in 64ms (Views: 61.9ms | ActiveRecord: 0.0ms)


Started GET "/home/community" for 127.0.0.1 at 2017-03-23 15:46:10 +0100
Processing by HomeController#community as HTML
  Rendering home/community.html.erb within layouts/application
  Rendered home/community.html.erb within layouts/application (0.5ms)
  Rendered home/_header.html.erb (0.8ms)
Completed 200 OK in 47ms (Views: 45.7ms | ActiveRecord: 0.0ms)


Started GET "/home/community" for 127.0.0.1 at 2017-03-23 15:46:35 +0100
Processing by HomeController#community as HTML
  Rendering home/community.html.erb within layouts/application
  Rendered home/community.html.erb within layouts/application (0.3ms)
  Rendered home/_header.html.erb (0.7ms)
Completed 200 OK in 51ms (Views: 49.7ms | ActiveRecord: 0.0ms)


Started GET "/home/jobs" for 127.0.0.1 at 2017-03-23 15:46:43 +0100
Processing by HomeController#jobs as HTML
  Rendering home/jobs.html.erb within layouts/application
  Rendered home/jobs.html.erb within layouts/application (0.5ms)
  Rendered home/_header.html.erb (0.7ms)
Completed 200 OK in 63ms (Views: 61.1ms | ActiveRecord: 0.0ms)


Started GET "/home/community" for 127.0.0.1 at 2017-03-23 15:46:44 +0100
Processing by HomeController#community as HTML
  Rendering home/community.html.erb within layouts/application
  Rendered home/community.html.erb within layouts/application (0.6ms)
  Rendered home/_header.html.erb (0.7ms)
Completed 200 OK in 71ms (Views: 69.0ms | ActiveRecord: 0.0ms)


Started GET "/home/contact" for 127.0.0.1 at 2017-03-23 15:46:46 +0100
Processing by HomeController#contact as HTML
  Rendering home/contact.html.erb within layouts/application
  Rendered home/contact.html.erb within layouts/application (0.6ms)
  Rendered home/_header.html.erb (0.9ms)
Completed 200 OK in 73ms (Views: 68.9ms | ActiveRecord: 0.0ms)


Started GET "/home/contact" for 127.0.0.1 at 2017-03-23 16:02:04 +0100
Processing by HomeController#contact as HTML
  Rendering home/contact.html.erb within layouts/application
  Rendered home/contact.html.erb within layouts/application (0.7ms)
  Rendered home/_header.html.erb (1.0ms)
Completed 200 OK in 79ms (Views: 74.8ms | ActiveRecord: 0.0ms)


Started GET "/home/contact" for 127.0.0.1 at 2017-03-23 16:02:49 +0100
Processing by HomeController#contact as HTML
  Rendering home/contact.html.erb within layouts/application
  Rendered home/contact.html.erb within layouts/application (0.6ms)
  Rendered home/_header.html.erb (0.9ms)
Completed 200 OK in 70ms (Views: 66.9ms | ActiveRecord: 0.0ms)


Started GET "/home/contact" for 127.0.0.1 at 2017-03-23 16:03:17 +0100
Processing by HomeController#contact as HTML
  Rendering home/contact.html.erb within layouts/application
  Rendered home/contact.html.erb within layouts/application (0.7ms)
  Rendered home/_header.html.erb (0.7ms)
Completed 200 OK in 53ms (Views: 51.9ms | ActiveRecord: 0.0ms)


Started GET "/" for 127.0.0.1 at 2017-03-23 16:03:43 +0100
Processing by HomeController#index as HTML
  Rendering home/index.html.erb within layouts/application
  Rendered home/index.html.erb within layouts/application (0.5ms)
  Rendered home/_header.html.erb (0.9ms)
Completed 200 OK in 77ms (Views: 73.2ms | ActiveRecord: 0.0ms)


Started GET "/home/clients" for 127.0.0.1 at 2017-03-23 16:03:44 +0100
Processing by HomeController#clients as HTML
  Rendering home/clients.html.erb within layouts/application
  Rendered home/clients.html.erb within layouts/application (0.6ms)
  Rendered home/_header.html.erb (0.8ms)
Completed 200 OK in 69ms (Views: 67.1ms | ActiveRecord: 0.0ms)


Started GET "/home/community" for 127.0.0.1 at 2017-03-23 16:20:27 +0100
Processing by HomeController#community as HTML
  Rendering home/community.html.erb within layouts/application
  Rendered home/community.html.erb within layouts/application (0.4ms)
  Rendered home/_header.html.erb (1.0ms)
Completed 200 OK in 70ms (Views: 68.8ms | ActiveRecord: 0.0ms)


Started GET "/home/about" for 127.0.0.1 at 2017-03-23 16:20:31 +0100
Processing by HomeController#about as HTML
  Rendering home/about.html.erb within layouts/application
  Rendered home/about.html.erb within layouts/application (0.3ms)
  Rendered home/_header.html.erb (0.7ms)
Completed 200 OK in 60ms (Views: 58.6ms | ActiveRecord: 0.0ms)


Started GET "/home/about" for 127.0.0.1 at 2017-03-23 16:22:27 +0100
Processing by HomeController#about as HTML
  Rendering home/about.html.erb within layouts/application
  Rendered home/about.html.erb within layouts/application (0.3ms)
  Rendered home/_header.html.erb (0.8ms)
Completed 200 OK in 55ms (Views: 49.5ms | ActiveRecord: 0.0ms)


Started GET "/home/about" for 127.0.0.1 at 2017-03-23 16:22:28 +0100
Processing by HomeController#about as HTML
  Rendering home/about.html.erb within layouts/application
  Rendered home/about.html.erb within layouts/application (0.3ms)
  Rendered home/_header.html.erb (0.7ms)
Completed 200 OK in 49ms (Views: 45.9ms | ActiveRecord: 0.0ms)


Started GET "/home/about" for 127.0.0.1 at 2017-03-23 16:22:29 +0100
Processing by HomeController#about as HTML
  Rendering home/about.html.erb within layouts/application
  Rendered home/about.html.erb within layouts/application (0.4ms)
  Rendered home/_header.html.erb (0.7ms)
Completed 200 OK in 44ms (Views: 42.9ms | ActiveRecord: 0.0ms)


Started GET "/home/about" for 127.0.0.1 at 2017-03-23 16:22:30 +0100
Processing by HomeController#about as HTML
  Rendering home/about.html.erb within layouts/application
  Rendered home/about.html.erb within layouts/application (0.4ms)
  Rendered home/_header.html.erb (0.8ms)
Completed 200 OK in 48ms (Views: 47.4ms | ActiveRecord: 0.0ms)


Started GET "/home/about" for 127.0.0.1 at 2017-03-23 16:23:03 +0100
Processing by HomeController#about as HTML
  Rendering home/about.html.erb within layouts/application
  Rendered home/about.html.erb within layouts/application (0.6ms)
  Rendered home/_header.html.erb (0.9ms)
Completed 200 OK in 65ms (Views: 62.6ms | ActiveRecord: 0.0ms)


Started GET "/home/about" for 127.0.0.1 at 2017-03-23 16:23:20 +0100
Processing by HomeController#about as HTML
  Rendering home/about.html.erb within layouts/application
  Rendered home/about.html.erb within layouts/application (0.4ms)
  Rendered home/_header.html.erb (0.8ms)
Completed 200 OK in 65ms (Views: 63.6ms | ActiveRecord: 0.0ms)


Started GET "/home/about" for 127.0.0.1 at 2017-03-23 16:25:38 +0100
Processing by HomeController#about as HTML
  Rendering home/about.html.erb within layouts/application
  Rendered home/about.html.erb within layouts/application (0.5ms)
  Rendered home/_header.html.erb (0.9ms)
Completed 200 OK in 68ms (Views: 66.8ms | ActiveRecord: 0.0ms)


Started GET "/" for 127.0.0.1 at 2017-03-23 16:26:21 +0100
Processing by HomeController#index as HTML
  Rendering home/index.html.erb within layouts/application
  Rendered home/index.html.erb within layouts/application (0.8ms)
  Rendered home/_header.html.erb (0.9ms)
Completed 200 OK in 85ms (Views: 83.6ms | ActiveRecord: 0.0ms)


Started GET "/home/clients" for 127.0.0.1 at 2017-03-23 16:26:22 +0100
Processing by HomeController#clients as HTML
  Rendering home/clients.html.erb within layouts/application
  Rendered home/clients.html.erb within layouts/application (0.6ms)
  Rendered home/_header.html.erb (0.7ms)
Completed 200 OK in 64ms (Views: 61.0ms | ActiveRecord: 0.0ms)


Started GET "/home/community" for 127.0.0.1 at 2017-03-23 16:26:25 +0100
Processing by HomeController#community as HTML
  Rendering home/community.html.erb within layouts/application
  Rendered home/community.html.erb within layouts/application (0.5ms)
  Rendered home/_header.html.erb (1.0ms)
Completed 200 OK in 63ms (Views: 61.6ms | ActiveRecord: 0.0ms)


Started GET "/home/community" for 127.0.0.1 at 2017-03-23 16:26:55 +0100
Processing by HomeController#community as HTML
  Rendering home/community.html.erb within layouts/application
  Rendered home/community.html.erb within layouts/application (0.4ms)
  Rendered home/_header.html.erb (1.1ms)
Completed 200 OK in 64ms (Views: 63.0ms | ActiveRecord: 0.0ms)


Started GET "/home/clients" for 127.0.0.1 at 2017-03-23 16:26:57 +0100
Processing by HomeController#clients as HTML
  Rendering home/clients.html.erb within layouts/application
  Rendered home/clients.html.erb within layouts/application (0.4ms)
  Rendered home/_header.html.erb (0.7ms)
Completed 200 OK in 50ms (Views: 49.2ms | ActiveRecord: 0.0ms)


Started GET "/home/community" for 127.0.0.1 at 2017-03-23 16:27:23 +0100
Processing by HomeController#community as HTML
  Rendering home/community.html.erb within layouts/application
  Rendered home/community.html.erb within layouts/application (0.4ms)
  Rendered home/_header.html.erb (0.7ms)
Completed 200 OK in 56ms (Views: 54.7ms | ActiveRecord: 0.0ms)


Started GET "/home/about" for 127.0.0.1 at 2017-03-23 16:27:34 +0100
Processing by HomeController#about as HTML
  Rendering home/about.html.erb within layouts/application
  Rendered home/about.html.erb within layouts/application (0.6ms)
  Rendered home/_header.html.erb (0.7ms)
Completed 200 OK in 69ms (Views: 67.4ms | ActiveRecord: 0.0ms)


Started GET "/home/clients" for 127.0.0.1 at 2017-03-23 16:27:35 +0100
Processing by HomeController#clients as HTML
  Rendering home/clients.html.erb within layouts/application
  Rendered home/clients.html.erb within layouts/application (0.5ms)
  Rendered home/_header.html.erb (0.9ms)
Completed 200 OK in 83ms (Views: 80.9ms | ActiveRecord: 0.0ms)


Started GET "/home/jobs" for 127.0.0.1 at 2017-03-23 16:27:37 +0100
Processing by HomeController#jobs as HTML
  Rendering home/jobs.html.erb within layouts/application
  Rendered home/jobs.html.erb within layouts/application (0.6ms)
  Rendered home/_header.html.erb (0.9ms)
Completed 200 OK in 79ms (Views: 76.6ms | ActiveRecord: 0.0ms)


Started GET "/home/community" for 127.0.0.1 at 2017-03-23 16:27:37 +0100
Processing by HomeController#community as HTML
  Rendering home/community.html.erb within layouts/application
  Rendered home/community.html.erb within layouts/application (0.6ms)
  Rendered home/_header.html.erb (0.8ms)
Completed 200 OK in 92ms (Views: 87.6ms | ActiveRecord: 0.0ms)


Started GET "/home/contact" for 127.0.0.1 at 2017-03-23 16:27:38 +0100
Processing by HomeController#contact as HTML
  Rendering home/contact.html.erb within layouts/application
  Rendered home/contact.html.erb within layouts/application (0.6ms)
  Rendered home/_header.html.erb (0.8ms)
Completed 200 OK in 83ms (Views: 76.1ms | ActiveRecord: 0.0ms)


Started GET "/home/about" for 127.0.0.1 at 2017-03-23 16:27:42 +0100
Processing by HomeController#about as HTML
  Rendering home/about.html.erb within layouts/application
  Rendered home/about.html.erb within layouts/application (0.4ms)
  Rendered home/_header.html.erb (1.0ms)
Completed 200 OK in 91ms (Views: 84.8ms | ActiveRecord: 0.0ms)


Started GET "/home/about" for 127.0.0.1 at 2017-03-23 16:39:54 +0100
Processing by HomeController#about as HTML
  Rendering home/about.html.erb within layouts/application
  Rendered home/about.html.erb within layouts/application (0.6ms)
  Rendered home/_header.html.erb (0.9ms)
Completed 200 OK in 77ms (Views: 67.5ms | ActiveRecord: 0.0ms)


Started GET "/" for 127.0.0.1 at 2017-03-23 16:39:55 +0100
Processing by HomeController#index as HTML
  Rendering home/index.html.erb within layouts/application
  Rendered home/index.html.erb within layouts/application (0.8ms)
  Rendered home/_header.html.erb (0.9ms)
Completed 200 OK in 83ms (Views: 79.7ms | ActiveRecord: 0.0ms)


Started GET "/" for 127.0.0.1 at 2017-03-23 16:39:56 +0100
Processing by HomeController#index as HTML
  Rendering home/index.html.erb within layouts/application
  Rendered home/index.html.erb within layouts/application (0.6ms)
  Rendered home/_header.html.erb (0.9ms)
Completed 200 OK in 91ms (Views: 80.0ms | ActiveRecord: 0.0ms)


Started GET "/" for 127.0.0.1 at 2017-03-23 16:40:29 +0100
Processing by HomeController#index as HTML
  Rendering home/index.html.erb within layouts/application
  Rendered home/index.html.erb within layouts/application (0.6ms)
  Rendered home/_header.html.erb (0.9ms)
Completed 200 OK in 71ms (Views: 67.8ms | ActiveRecord: 0.0ms)


Started GET "/" for 127.0.0.1 at 2017-03-23 16:40:31 +0100
Processing by HomeController#index as HTML
  Rendering home/index.html.erb within layouts/application
  Rendered home/index.html.erb within layouts/application (0.5ms)
  Rendered home/_header.html.erb (0.8ms)
Completed 200 OK in 72ms (Views: 69.8ms | ActiveRecord: 0.0ms)


Started GET "/" for 127.0.0.1 at 2017-03-23 16:40:43 +0100
Processing by HomeController#index as HTML
  Rendering home/index.html.erb within layouts/application
  Rendered home/index.html.erb within layouts/application (0.6ms)
  Rendered home/_header.html.erb (0.9ms)
Completed 200 OK in 76ms (Views: 74.6ms | ActiveRecord: 0.0ms)


Started GET "/" for 127.0.0.1 at 2017-03-23 16:40:45 +0100
Processing by HomeController#index as HTML
  Rendering home/index.html.erb within layouts/application
  Rendered home/index.html.erb within layouts/application (0.5ms)
  Rendered home/_header.html.erb (0.8ms)
Completed 200 OK in 69ms (Views: 67.3ms | ActiveRecord: 0.0ms)


Started GET "/" for 127.0.0.1 at 2017-03-23 16:41:20 +0100
Processing by HomeController#index as HTML
  Rendering home/index.html.erb within layouts/application
  Rendered home/index.html.erb within layouts/application (0.5ms)
  Rendered home/_header.html.erb (0.8ms)
Completed 200 OK in 72ms (Views: 70.6ms | ActiveRecord: 0.0ms)


Started GET "/" for 127.0.0.1 at 2017-03-23 16:46:40 +0100
Processing by HomeController#index as HTML
  Rendering home/index.html.erb within layouts/application
  Rendered home/index.html.erb within layouts/application (0.5ms)
  Rendered home/_header.html.erb (1.0ms)
Completed 200 OK in 70ms (Views: 69.2ms | ActiveRecord: 0.0ms)


Started GET "/" for 127.0.0.1 at 2017-03-23 18:50:49 +0100
Processing by HomeController#index as HTML
  Rendering home/index.html.erb within layouts/application
  Rendered home/index.html.erb within layouts/application (0.9ms)
  Rendered home/_header.html.erb (1.0ms)
Completed 200 OK in 348ms (Views: 333.4ms | ActiveRecord: 0.0ms)


Started GET "/" for 127.0.0.1 at 2017-03-23 19:13:29 +0100
Processing by HomeController#index as HTML
  Rendering home/index.html.erb within layouts/application
  Rendered home/index.html.erb within layouts/application (0.6ms)
  Rendered home/_header.html.erb (1.0ms)
Completed 200 OK in 129ms (Views: 127.3ms | ActiveRecord: 0.0ms)


